bash: warning: setlocale: LC_ALL: cannot change locale (en_US.UTF-8)
=== K36 Post-Fix Sweep ===
Fixes: depth-6 face extraction (46d73db) + diagonal grid gap (cf2d0e6)
Total runs: 20
Results: /workspace/k36-postfix-sweep/sweep-results.jsonl
Started: Tue Apr 14 22:29:10 UTC 2026

[1/20] R=69M — 22:29:10
  → MOAT (61s)
[2/20] R=70M — 22:30:10
  → SPANNING (33s)
[3/20] R=71M — 22:30:43
  → MOAT (63s)
[4/20] R=72M — 22:31:46
  → MOAT (64s)
[5/20] R=73M — 22:32:50
  → MOAT (64s)
[6/20] R=75M — 22:33:54
  → MOAT (66s)
[7/20] R=76M — 22:35:01
  → MOAT (66s)
[8/20] R=77M — 22:36:07
  → MOAT (67s)
[9/20] R=78M — 22:37:14
  → MOAT (68s)
[10/20] R=79M — 22:38:23
  → MOAT (69s)
[11/20] R=80M — 22:39:32
  → MOAT (70s)
[12/20] R=81M — 22:40:43
  → MOAT (71s)
[13/20] R=82M — 22:41:54
  → MOAT (72s)
[14/20] R=83M — 22:43:06
  → MOAT (72s)
[15/20] R=84M — 22:44:19
  → MOAT (73s)
[16/20] R=85M — 22:45:32
  → MOAT (75s)
[17/20] R=90M — 22:46:47
  → MOAT (78s)
[18/20] R=100M — 22:48:05
  → MOAT (87s)
[19/20] R=150M — 22:49:32
  → MOAT (130s)
[20/20] R=200M — 22:51:42
  → MOAT (172s)

=== Sweep Complete ===
Finished: Tue Apr 14 22:54:34 UTC 2026
Results: /workspace/k36-postfix-sweep/sweep-results.jsonl

--- Summary ---
SPANNING: 11 runs
  R=50M  towers=438
  R=55M  towers=686
  R=58M  towers=36240
  R=59M  towers=8286
  R=60M  towers=1683
  R=61M  towers=46149
  R=62M  towers=6306
  R=63M  towers=24729
  R=64M  towers=114137
  R=65M  towers=21550
  R=70M  towers=101760
MOAT: 22 runs
  First MOAT: R=66M
  Last MOAT:  R=200M
Total wall time: 1875s (31.2min)
