=== Gaussian Moat Campaign (CUDA stream tile path) ===
R:            79000000
K_SQ:         36
TILE_SIDE:    256
num_towers:   218233
total_tiles:  7882066
cuda_binary:  ./tile_kernel_multi
burst_size:   56000

  tower 1/218233 (C++ j=0) elapsed 0.4s
cuda-stream: launched pid 14777
stream: ready, chunk_size=200000 (burst size unbounded)
  tower 5000/218233 (2.3%) elapsed 13.2s
  tower 10000/218233 (4.6%) elapsed 13.5s
  tower 15000/218233 (6.9%) elapsed 13.8s
  tower 20000/218233 (9.2%) elapsed 14.2s
  tower 25000/218233 (11.5%) elapsed 14.5s
  tower 30000/218233 (13.7%) elapsed 14.8s
  tower 35000/218233 (16.0%) elapsed 15.1s
  tower 40000/218233 (18.3%) elapsed 15.5s
  tower 45000/218233 (20.6%) elapsed 15.8s
  tower 50000/218233 (22.9%) elapsed 16.1s
  tower 55000/218233 (25.2%) elapsed 16.5s
  tower 60000/218233 (27.5%) elapsed 29.4s
  tower 65000/218233 (29.8%) elapsed 29.8s
  tower 70000/218233 (32.1%) elapsed 30.1s
  tower 75000/218233 (34.4%) elapsed 30.4s
  tower 80000/218233 (36.7%) elapsed 30.8s
  tower 85000/218233 (38.9%) elapsed 31.1s
  tower 90000/218233 (41.2%) elapsed 31.5s
  tower 95000/218233 (43.5%) elapsed 31.8s
  tower 100000/218233 (45.8%) elapsed 32.1s
  tower 105000/218233 (48.1%) elapsed 32.5s
  tower 110000/218233 (50.4%) elapsed 32.8s
  tower 115000/218233 (52.7%) elapsed 46.5s
  tower 120000/218233 (55.0%) elapsed 46.9s
  tower 125000/218233 (57.3%) elapsed 47.2s
  tower 130000/218233 (59.6%) elapsed 47.6s
  tower 135000/218233 (61.9%) elapsed 47.9s
  tower 140000/218233 (64.2%) elapsed 48.3s
  tower 145000/218233 (66.4%) elapsed 48.7s
  tower 150000/218233 (68.7%) elapsed 49.0s
  tower 155000/218233 (71.0%) elapsed 49.4s
  tower 160000/218233 (73.3%) elapsed 49.8s
  tower 165000/218233 (75.6%) elapsed 50.4s
  tower 170000/218233 (77.9%) elapsed 64.5s
  tower 175000/218233 (80.2%) elapsed 64.9s
  tower 180000/218233 (82.5%) elapsed 65.3s
  tower 185000/218233 (84.8%) elapsed 65.7s
  tower 190000/218233 (87.1%) elapsed 66.1s
  tower 195000/218233 (89.4%) elapsed 66.5s
  tower 200000/218233 (91.6%) elapsed 66.9s
  tower 205000/218233 (93.9%) elapsed 67.4s
  tower 210000/218233 (96.2%) elapsed 67.8s
  tower 215000/218233 (98.5%) elapsed 68.2s
  tower 218233/218233 (100.0%) elapsed 68.5s
stream: 4 bursts, 7882034 tiles, 67982.8 ms total

=== RESULT ===
{
  "R": 79000000,
  "K_SQ": 36,
  "verdict": "MOAT",
  "num_towers": 218233,
  "total_tiles": 7882066,
  "towers_processed": 218233,
  "tiles_processed": 7882066,
  "wall_time_seconds": 69.093,
  "overflow_count": 0,
  "total_groups": 88790868,
  "inner_roots": 1073949,
  "outer_roots": 1068355,
  "peak_rss_mb": 1179.3
}
