=== Gaussian Moat Campaign (CUDA stream tile path) ===
R:            84000000
K_SQ:         36
TILE_SIDE:    256
num_towers:   232044
total_tiles:  8380872
cuda_binary:  ./tile_kernel_multi
burst_size:   56000

  tower 1/232044 (C++ j=0) elapsed 0.4s
cuda-stream: launched pid 14847
stream: ready, chunk_size=200000 (burst size unbounded)
  tower 5000/232044 (2.2%) elapsed 13.0s
  tower 10000/232044 (4.3%) elapsed 13.4s
  tower 15000/232044 (6.5%) elapsed 13.7s
  tower 20000/232044 (8.6%) elapsed 14.0s
  tower 25000/232044 (10.8%) elapsed 14.3s
  tower 30000/232044 (12.9%) elapsed 14.7s
  tower 35000/232044 (15.1%) elapsed 15.0s
  tower 40000/232044 (17.2%) elapsed 15.3s
  tower 45000/232044 (19.4%) elapsed 15.6s
  tower 50000/232044 (21.5%) elapsed 16.0s
  tower 55000/232044 (23.7%) elapsed 16.3s
  tower 60000/232044 (25.9%) elapsed 29.1s
  tower 65000/232044 (28.0%) elapsed 29.4s
  tower 70000/232044 (30.2%) elapsed 29.8s
  tower 75000/232044 (32.3%) elapsed 30.1s
  tower 80000/232044 (34.5%) elapsed 30.4s
  tower 85000/232044 (36.6%) elapsed 30.8s
  tower 90000/232044 (38.8%) elapsed 31.1s
  tower 95000/232044 (40.9%) elapsed 31.4s
  tower 100000/232044 (43.1%) elapsed 31.8s
  tower 105000/232044 (45.3%) elapsed 32.1s
  tower 110000/232044 (47.4%) elapsed 32.4s
  tower 115000/232044 (49.6%) elapsed 46.0s
  tower 120000/232044 (51.7%) elapsed 46.3s
  tower 125000/232044 (53.9%) elapsed 46.7s
  tower 130000/232044 (56.0%) elapsed 47.0s
  tower 135000/232044 (58.2%) elapsed 47.4s
  tower 140000/232044 (60.3%) elapsed 47.7s
  tower 145000/232044 (62.5%) elapsed 48.1s
  tower 150000/232044 (64.6%) elapsed 48.4s
  tower 155000/232044 (66.8%) elapsed 48.8s
  tower 160000/232044 (69.0%) elapsed 49.2s
  tower 165000/232044 (71.1%) elapsed 49.5s
  tower 170000/232044 (73.3%) elapsed 64.7s
  tower 175000/232044 (75.4%) elapsed 65.3s
  tower 180000/232044 (77.6%) elapsed 65.6s
  tower 185000/232044 (79.7%) elapsed 66.0s
  tower 190000/232044 (81.9%) elapsed 66.4s
  tower 195000/232044 (84.0%) elapsed 66.8s
  tower 200000/232044 (86.2%) elapsed 67.2s
  tower 205000/232044 (88.3%) elapsed 67.6s
  tower 210000/232044 (90.5%) elapsed 68.1s
  tower 215000/232044 (92.7%) elapsed 68.5s
  tower 220000/232044 (94.8%) elapsed 68.9s
  tower 225000/232044 (97.0%) elapsed 71.7s
  tower 230000/232044 (99.1%) elapsed 72.2s
  tower 232044/232044 (100.0%) elapsed 72.4s
stream: 5 bursts, 8380840 tiles, 71786.1 ms total

=== RESULT ===
{
  "R": 84000000,
  "K_SQ": 36,
  "verdict": "MOAT",
  "num_towers": 232044,
  "total_tiles": 8380872,
  "towers_processed": 232044,
  "tiles_processed": 8380872,
  "wall_time_seconds": 72.905,
  "overflow_count": 0,
  "total_groups": 95911350,
  "inner_roots": 1160861,
  "outer_roots": 1151131,
  "peak_rss_mb": 1280.0
}
