=== Gaussian Moat Campaign (CUDA stream tile path) ===
R:            80000000
K_SQ:         36
TILE_SIDE:    256
num_towers:   220995
total_tiles:  7981817
cuda_binary:  ./tile_kernel_multi
burst_size:   56000

  tower 1/220995 (C++ j=0) elapsed 0.4s
cuda-stream: launched pid 14791
stream: ready, chunk_size=200000 (burst size unbounded)
  tower 5000/220995 (2.3%) elapsed 13.2s
  tower 10000/220995 (4.5%) elapsed 13.6s
  tower 15000/220995 (6.8%) elapsed 13.9s
  tower 20000/220995 (9.0%) elapsed 14.2s
  tower 25000/220995 (11.3%) elapsed 14.5s
  tower 30000/220995 (13.6%) elapsed 14.9s
  tower 35000/220995 (15.8%) elapsed 15.2s
  tower 40000/220995 (18.1%) elapsed 15.5s
  tower 45000/220995 (20.4%) elapsed 15.8s
  tower 50000/220995 (22.6%) elapsed 16.2s
  tower 55000/220995 (24.9%) elapsed 16.5s
  tower 60000/220995 (27.1%) elapsed 29.7s
  tower 65000/220995 (29.4%) elapsed 30.0s
  tower 70000/220995 (31.7%) elapsed 30.3s
  tower 75000/220995 (33.9%) elapsed 30.6s
  tower 80000/220995 (36.2%) elapsed 31.0s
  tower 85000/220995 (38.5%) elapsed 31.3s
  tower 90000/220995 (40.7%) elapsed 31.7s
  tower 95000/220995 (43.0%) elapsed 32.0s
  tower 100000/220995 (45.2%) elapsed 32.3s
  tower 105000/220995 (47.5%) elapsed 32.7s
  tower 110000/220995 (49.8%) elapsed 33.0s
  tower 115000/220995 (52.0%) elapsed 46.8s
  tower 120000/220995 (54.3%) elapsed 47.2s
  tower 125000/220995 (56.6%) elapsed 47.5s
  tower 130000/220995 (58.8%) elapsed 47.9s
  tower 135000/220995 (61.1%) elapsed 48.2s
  tower 140000/220995 (63.3%) elapsed 48.6s
  tower 145000/220995 (65.6%) elapsed 48.9s
  tower 150000/220995 (67.9%) elapsed 49.3s
  tower 155000/220995 (70.1%) elapsed 49.7s
  tower 160000/220995 (72.4%) elapsed 50.1s
  tower 165000/220995 (74.7%) elapsed 50.6s
  tower 170000/220995 (76.9%) elapsed 65.7s
  tower 175000/220995 (79.2%) elapsed 66.1s
  tower 180000/220995 (81.4%) elapsed 66.5s
  tower 185000/220995 (83.7%) elapsed 66.8s
  tower 190000/220995 (86.0%) elapsed 67.2s
  tower 195000/220995 (88.2%) elapsed 67.7s
  tower 200000/220995 (90.5%) elapsed 68.1s
  tower 205000/220995 (92.8%) elapsed 68.5s
  tower 210000/220995 (95.0%) elapsed 68.9s
  tower 215000/220995 (97.3%) elapsed 69.4s
  tower 220000/220995 (99.5%) elapsed 69.8s
  tower 220995/220995 (100.0%) elapsed 69.9s
stream: 4 bursts, 7981785 tiles, 69359.1 ms total

=== RESULT ===
{
  "R": 80000000,
  "K_SQ": 36,
  "verdict": "MOAT",
  "num_towers": 220995,
  "total_tiles": 7981817,
  "towers_processed": 220995,
  "tiles_processed": 7981817,
  "wall_time_seconds": 70.477,
  "overflow_count": 0,
  "total_groups": 90224734,
  "inner_roots": 1090446,
  "outer_roots": 1084910,
  "peak_rss_mb": 1183.2
}
