=== Gaussian Moat Campaign (CUDA stream tile path) ===
R:            68000000
K_SQ:         36
TILE_SIDE:    256
num_towers:   187850
total_tiles:  6784737
cuda_binary:  ./tile_kernel_multi
burst_size:   56000

  tower 1/187850 (C++ j=0) elapsed 0.5s
cuda-stream: launched pid 14387
stream: ready, chunk_size=200000 (burst size unbounded)
  tower 5000/187850 (2.7%) elapsed 13.1s
  tower 10000/187850 (5.3%) elapsed 13.5s
  tower 15000/187850 (8.0%) elapsed 13.8s
  tower 20000/187850 (10.6%) elapsed 14.2s
  tower 25000/187850 (13.3%) elapsed 14.5s
  tower 30000/187850 (16.0%) elapsed 14.8s
  tower 35000/187850 (18.6%) elapsed 15.2s
  tower 40000/187850 (21.3%) elapsed 15.5s
  tower 45000/187850 (24.0%) elapsed 15.8s
  tower 50000/187850 (26.6%) elapsed 16.2s
  tower 55000/187850 (29.3%) elapsed 16.5s
  tower 60000/187850 (31.9%) elapsed 29.7s
  tower 65000/187850 (34.6%) elapsed 30.1s
  tower 70000/187850 (37.3%) elapsed 30.4s
  tower 75000/187850 (39.9%) elapsed 30.8s
  tower 80000/187850 (42.6%) elapsed 31.1s
  tower 85000/187850 (45.2%) elapsed 31.4s
  tower 90000/187850 (47.9%) elapsed 31.8s
  tower 95000/187850 (50.6%) elapsed 32.1s
  tower 100000/187850 (53.2%) elapsed 32.5s
  tower 105000/187850 (55.9%) elapsed 32.8s
  tower 110000/187850 (58.6%) elapsed 33.2s
  tower 115000/187850 (61.2%) elapsed 47.6s
  tower 120000/187850 (63.9%) elapsed 48.0s
  tower 125000/187850 (66.5%) elapsed 48.4s
  tower 130000/187850 (69.2%) elapsed 48.7s
  tower 135000/187850 (71.9%) elapsed 49.1s
  tower 140000/187850 (74.5%) elapsed 49.5s
  tower 145000/187850 (77.2%) elapsed 49.9s
  tower 150000/187850 (79.9%) elapsed 50.4s
  tower 155000/187850 (82.5%) elapsed 50.8s
  tower 160000/187850 (85.2%) elapsed 51.2s
  tower 165000/187850 (87.8%) elapsed 51.7s
  tower 170000/187850 (90.5%) elapsed 57.8s
  tower 175000/187850 (93.2%) elapsed 58.2s
  tower 180000/187850 (95.8%) elapsed 58.6s
  tower 185000/187850 (98.5%) elapsed 59.1s
  tower 187850/187850 (100.0%) elapsed 59.3s
stream: 4 bursts, 6784705 tiles, 58765.9 ms total

=== RESULT ===
{
  "R": 68000000,
  "K_SQ": 36,
  "verdict": "MOAT",
  "num_towers": 187850,
  "total_tiles": 6784737,
  "towers_processed": 187850,
  "tiles_processed": 6784737,
  "wall_time_seconds": 59.822,
  "overflow_count": 0,
  "total_groups": 73383737,
  "inner_roots": 885851,
  "outer_roots": 883040,
  "peak_rss_mb": 1124.6
}
