=== Gaussian Moat Campaign (CUDA stream tile path) ===
R:            50000000
K_SQ:         36
TILE_SIDE:    256
num_towers:   138131
total_tiles:  4989052
cuda_binary:  ./tile_kernel_multi
burst_size:   56000

  tower 1/138131 (C++ j=0) elapsed 0.4s
cuda-stream: launched pid 13966
stream: ready, chunk_size=200000 (burst size unbounded)
stream: 1 bursts, 1856284 tiles, 12370.4 ms total

=== RESULT ===
{
  "R": 50000000,
  "K_SQ": 36,
  "verdict": "SPANNING",
  "num_towers": 138131,
  "total_tiles": 4989052,
  "towers_processed": 438,
  "tiles_processed": 14453,
  "wall_time_seconds": 13.224,
  "overflow_count": 0,
  "total_groups": 142389,
  "inner_roots": 1470,
  "outer_roots": 1553,
  "peak_rss_mb": 535.0
}
