=== Gaussian Moat Campaign (CUDA stream tile path) ===
R:            60000000
K_SQ:         36
TILE_SIDE:    256
num_towers:   165753
total_tiles:  5986670
cuda_binary:  ./tile_kernel_multi
burst_size:   56000

  tower 1/165753 (C++ j=0) elapsed 0.4s
cuda-stream: launched pid 14229
stream: ready, chunk_size=200000 (burst size unbounded)
stream: 1 bursts, 1848000 tiles, 12349.4 ms total

=== RESULT ===
{
  "R": 60000000,
  "K_SQ": 36,
  "verdict": "SPANNING",
  "num_towers": 165753,
  "total_tiles": 5986670,
  "towers_processed": 1683,
  "tiles_processed": 55538,
  "wall_time_seconds": 13.212,
  "overflow_count": 0,
  "total_groups": 579925,
  "inner_roots": 6178,
  "outer_roots": 6270,
  "peak_rss_mb": 541.0
}
