=== Gaussian Moat Campaign (CUDA stream tile path) ===
R:            90000000
K_SQ:         36
TILE_SIDE:    256
num_towers:   248617
total_tiles:  8979434
cuda_binary:  ./tile_kernel_multi
burst_size:   56000

  tower 1/248617 (C++ j=0) elapsed 0.4s
cuda-stream: launched pid 14875
stream: ready, chunk_size=200000 (burst size unbounded)
  tower 5000/248617 (2.0%) elapsed 13.2s
  tower 10000/248617 (4.0%) elapsed 13.6s
  tower 15000/248617 (6.0%) elapsed 13.9s
  tower 20000/248617 (8.0%) elapsed 14.2s
  tower 25000/248617 (10.1%) elapsed 14.5s
  tower 30000/248617 (12.1%) elapsed 14.9s
  tower 35000/248617 (14.1%) elapsed 15.2s
  tower 40000/248617 (16.1%) elapsed 15.5s
  tower 45000/248617 (18.1%) elapsed 15.8s
  tower 50000/248617 (20.1%) elapsed 16.2s
  tower 55000/248617 (22.1%) elapsed 16.5s
  tower 60000/248617 (24.1%) elapsed 29.4s
  tower 65000/248617 (26.1%) elapsed 29.7s
  tower 70000/248617 (28.2%) elapsed 30.0s
  tower 75000/248617 (30.2%) elapsed 30.4s
  tower 80000/248617 (32.2%) elapsed 30.7s
  tower 85000/248617 (34.2%) elapsed 31.0s
  tower 90000/248617 (36.2%) elapsed 31.4s
  tower 95000/248617 (38.2%) elapsed 31.7s
  tower 100000/248617 (40.2%) elapsed 32.0s
  tower 105000/248617 (42.2%) elapsed 32.4s
  tower 110000/248617 (44.2%) elapsed 32.7s
  tower 115000/248617 (46.3%) elapsed 46.0s
  tower 120000/248617 (48.3%) elapsed 46.3s
  tower 125000/248617 (50.3%) elapsed 46.7s
  tower 130000/248617 (52.3%) elapsed 47.0s
  tower 135000/248617 (54.3%) elapsed 47.4s
  tower 140000/248617 (56.3%) elapsed 47.7s
  tower 145000/248617 (58.3%) elapsed 48.1s
  tower 150000/248617 (60.3%) elapsed 48.4s
  tower 155000/248617 (62.3%) elapsed 48.8s
  tower 160000/248617 (64.4%) elapsed 49.2s
  tower 165000/248617 (66.4%) elapsed 49.5s
  tower 170000/248617 (68.4%) elapsed 64.2s
  tower 175000/248617 (70.4%) elapsed 64.6s
  tower 180000/248617 (72.4%) elapsed 64.9s
  tower 185000/248617 (74.4%) elapsed 65.5s
  tower 190000/248617 (76.4%) elapsed 65.9s
  tower 195000/248617 (78.4%) elapsed 66.3s
  tower 200000/248617 (80.4%) elapsed 66.7s
  tower 205000/248617 (82.5%) elapsed 67.1s
  tower 210000/248617 (84.5%) elapsed 67.5s
  tower 215000/248617 (86.5%) elapsed 67.9s
  tower 220000/248617 (88.5%) elapsed 68.3s
  tower 225000/248617 (90.5%) elapsed 75.8s
  tower 230000/248617 (92.5%) elapsed 76.2s
  tower 235000/248617 (94.5%) elapsed 76.7s
  tower 240000/248617 (96.5%) elapsed 77.1s
  tower 245000/248617 (98.5%) elapsed 77.5s
  tower 248617/248617 (100.0%) elapsed 77.9s
stream: 5 bursts, 8979402 tiles, 77305.3 ms total

=== RESULT ===
{
  "R": 90000000,
  "K_SQ": 36,
  "verdict": "MOAT",
  "num_towers": 248617,
  "total_tiles": 8979434,
  "towers_processed": 248617,
  "tiles_processed": 8979434,
  "wall_time_seconds": 78.453,
  "overflow_count": 0,
  "total_groups": 104529941,
  "inner_roots": 1261136,
  "outer_roots": 1254865,
  "peak_rss_mb": 1300.9
}
