=== Gaussian Moat Campaign (CUDA stream tile path) ===
R:            70000000
K_SQ:         36
TILE_SIDE:    256
num_towers:   193374
total_tiles:  6984245
cuda_binary:  ./tile_kernel_multi
burst_size:   56000

  tower 1/193374 (C++ j=0) elapsed 0.5s
cuda-stream: launched pid 14620
stream: ready, chunk_size=200000 (burst size unbounded)
  tower 5000/193374 (2.6%) elapsed 13.2s
  tower 10000/193374 (5.2%) elapsed 13.5s
  tower 15000/193374 (7.8%) elapsed 13.8s
  tower 20000/193374 (10.3%) elapsed 14.1s
  tower 25000/193374 (12.9%) elapsed 14.5s
  tower 30000/193374 (15.5%) elapsed 14.8s
  tower 35000/193374 (18.1%) elapsed 15.1s
  tower 40000/193374 (20.7%) elapsed 15.5s
  tower 45000/193374 (23.3%) elapsed 15.8s
  tower 50000/193374 (25.9%) elapsed 16.1s
  tower 55000/193374 (28.4%) elapsed 16.5s
  tower 60000/193374 (31.0%) elapsed 29.7s
  tower 65000/193374 (33.6%) elapsed 30.0s
  tower 70000/193374 (36.2%) elapsed 30.3s
  tower 75000/193374 (38.8%) elapsed 30.7s
  tower 80000/193374 (41.4%) elapsed 31.0s
  tower 85000/193374 (44.0%) elapsed 31.3s
  tower 90000/193374 (46.5%) elapsed 31.7s
  tower 95000/193374 (49.1%) elapsed 32.0s
  tower 100000/193374 (51.7%) elapsed 32.4s
stream: 2 bursts, 3762038 tiles, 31952.2 ms total

=== RESULT ===
{
  "R": 70000000,
  "K_SQ": 36,
  "verdict": "SPANNING",
  "num_towers": 193374,
  "total_tiles": 6984245,
  "towers_processed": 101760,
  "tiles_processed": 3402396,
  "wall_time_seconds": 32.918,
  "overflow_count": 0,
  "total_groups": 37109494,
  "inner_roots": 433351,
  "outer_roots": 430772,
  "peak_rss_mb": 749.4
}
