=== Gaussian Moat Campaign (CUDA stream tile path) ===
R:            150000000
K_SQ:         36
TILE_SIDE:    256
num_towers:   414345
total_tiles:  14964964
cuda_binary:  ./tile_kernel_multi
burst_size:   56000

  tower 1/414345 (C++ j=0) elapsed 0.4s
cuda-stream: launched pid 14918
stream: ready, chunk_size=200000 (burst size unbounded)
  tower 5000/414345 (1.2%) elapsed 13.2s
  tower 10000/414345 (2.4%) elapsed 13.5s
  tower 15000/414345 (3.6%) elapsed 13.8s
  tower 20000/414345 (4.8%) elapsed 14.2s
  tower 25000/414345 (6.0%) elapsed 14.5s
  tower 30000/414345 (7.2%) elapsed 14.8s
  tower 35000/414345 (8.4%) elapsed 15.1s
  tower 40000/414345 (9.7%) elapsed 15.4s
  tower 45000/414345 (10.9%) elapsed 15.7s
  tower 50000/414345 (12.1%) elapsed 16.1s
  tower 55000/414345 (13.3%) elapsed 16.4s
  tower 60000/414345 (14.5%) elapsed 28.9s
  tower 65000/414345 (15.7%) elapsed 29.2s
  tower 70000/414345 (16.9%) elapsed 29.5s
  tower 75000/414345 (18.1%) elapsed 29.8s
  tower 80000/414345 (19.3%) elapsed 30.1s
  tower 85000/414345 (20.5%) elapsed 30.5s
  tower 90000/414345 (21.7%) elapsed 30.8s
  tower 95000/414345 (22.9%) elapsed 31.1s
  tower 100000/414345 (24.1%) elapsed 31.4s
  tower 105000/414345 (25.3%) elapsed 31.7s
  tower 110000/414345 (26.5%) elapsed 32.1s
  tower 115000/414345 (27.8%) elapsed 45.1s
  tower 120000/414345 (29.0%) elapsed 45.4s
  tower 125000/414345 (30.2%) elapsed 45.7s
  tower 130000/414345 (31.4%) elapsed 46.0s
  tower 135000/414345 (32.6%) elapsed 46.4s
  tower 140000/414345 (33.8%) elapsed 46.7s
  tower 145000/414345 (35.0%) elapsed 47.0s
  tower 150000/414345 (36.2%) elapsed 47.3s
  tower 155000/414345 (37.4%) elapsed 47.7s
  tower 160000/414345 (38.6%) elapsed 48.0s
  tower 165000/414345 (39.8%) elapsed 48.3s
  tower 170000/414345 (41.0%) elapsed 61.4s
  tower 175000/414345 (42.2%) elapsed 61.8s
  tower 180000/414345 (43.4%) elapsed 62.1s
  tower 185000/414345 (44.6%) elapsed 62.4s
  tower 190000/414345 (45.9%) elapsed 62.8s
  tower 195000/414345 (47.1%) elapsed 63.1s
  tower 200000/414345 (48.3%) elapsed 63.4s
  tower 205000/414345 (49.5%) elapsed 63.8s
  tower 210000/414345 (50.7%) elapsed 64.1s
  tower 215000/414345 (51.9%) elapsed 64.4s
  tower 220000/414345 (53.1%) elapsed 64.8s
  tower 225000/414345 (54.3%) elapsed 78.4s
  tower 230000/414345 (55.5%) elapsed 78.7s
  tower 235000/414345 (56.7%) elapsed 79.0s
  tower 240000/414345 (57.9%) elapsed 79.4s
  tower 245000/414345 (59.1%) elapsed 79.7s
  tower 250000/414345 (60.3%) elapsed 80.1s
  tower 255000/414345 (61.5%) elapsed 80.5s
  tower 260000/414345 (62.7%) elapsed 80.8s
  tower 265000/414345 (64.0%) elapsed 81.1s
  tower 270000/414345 (65.2%) elapsed 81.5s
  tower 275000/414345 (66.4%) elapsed 82.2s
  tower 280000/414345 (67.6%) elapsed 82.6s
  tower 285000/414345 (68.8%) elapsed 97.0s
  tower 290000/414345 (70.0%) elapsed 97.3s
  tower 295000/414345 (71.2%) elapsed 97.7s
  tower 300000/414345 (72.4%) elapsed 98.1s
  tower 305000/414345 (73.6%) elapsed 98.4s
  tower 310000/414345 (74.8%) elapsed 98.8s
  tower 315000/414345 (76.0%) elapsed 99.2s
  tower 320000/414345 (77.2%) elapsed 99.5s
  tower 325000/414345 (78.4%) elapsed 99.9s
  tower 330000/414345 (79.6%) elapsed 100.3s
  tower 335000/414345 (80.9%) elapsed 100.7s
  tower 340000/414345 (82.1%) elapsed 116.3s
  tower 345000/414345 (83.3%) elapsed 116.7s
  tower 350000/414345 (84.5%) elapsed 117.1s
  tower 355000/414345 (85.7%) elapsed 117.5s
  tower 360000/414345 (86.9%) elapsed 117.9s
  tower 365000/414345 (88.1%) elapsed 118.3s
  tower 370000/414345 (89.3%) elapsed 118.7s
  tower 375000/414345 (90.5%) elapsed 119.1s
  tower 380000/414345 (91.7%) elapsed 119.5s
  tower 385000/414345 (92.9%) elapsed 119.9s
  tower 390000/414345 (94.1%) elapsed 120.3s
  tower 395000/414345 (95.3%) elapsed 127.3s
  tower 400000/414345 (96.5%) elapsed 127.7s
  tower 405000/414345 (97.7%) elapsed 128.2s
  tower 410000/414345 (99.0%) elapsed 128.6s
  tower 414345/414345 (100.0%) elapsed 129.0s
stream: 8 bursts, 14964932 tiles, 128391.2 ms total

=== RESULT ===
{
  "R": 150000000,
  "K_SQ": 36,
  "verdict": "MOAT",
  "num_towers": 414345,
  "total_tiles": 14964964,
  "towers_processed": 414345,
  "tiles_processed": 14964964,
  "wall_time_seconds": 129.775,
  "overflow_count": 0,
  "total_groups": 194052758,
  "inner_roots": 2311174,
  "outer_roots": 2291987,
  "peak_rss_mb": 1740.9
}
