=== Gaussian Moat Campaign (CUDA stream tile path) ===
R:            75000000
K_SQ:         36
TILE_SIDE:    256
num_towers:   207185
total_tiles:  7483054
cuda_binary:  ./tile_kernel_multi
burst_size:   56000

  tower 1/207185 (C++ j=0) elapsed 0.4s
cuda-stream: launched pid 14721
stream: ready, chunk_size=200000 (burst size unbounded)
  tower 5000/207185 (2.4%) elapsed 13.3s
  tower 10000/207185 (4.8%) elapsed 13.7s
  tower 15000/207185 (7.2%) elapsed 14.0s
  tower 20000/207185 (9.7%) elapsed 14.3s
  tower 25000/207185 (12.1%) elapsed 14.6s
  tower 30000/207185 (14.5%) elapsed 15.0s
  tower 35000/207185 (16.9%) elapsed 15.3s
  tower 40000/207185 (19.3%) elapsed 15.6s
  tower 45000/207185 (21.7%) elapsed 15.9s
  tower 50000/207185 (24.1%) elapsed 16.3s
  tower 55000/207185 (26.5%) elapsed 16.6s
  tower 60000/207185 (29.0%) elapsed 29.8s
  tower 65000/207185 (31.4%) elapsed 30.2s
  tower 70000/207185 (33.8%) elapsed 30.5s
  tower 75000/207185 (36.2%) elapsed 30.8s
  tower 80000/207185 (38.6%) elapsed 31.2s
  tower 85000/207185 (41.0%) elapsed 31.5s
  tower 90000/207185 (43.4%) elapsed 31.9s
  tower 95000/207185 (45.9%) elapsed 32.2s
  tower 100000/207185 (48.3%) elapsed 32.5s
  tower 105000/207185 (50.7%) elapsed 32.9s
  tower 110000/207185 (53.1%) elapsed 33.2s
  tower 115000/207185 (55.5%) elapsed 47.3s
  tower 120000/207185 (57.9%) elapsed 47.6s
  tower 125000/207185 (60.3%) elapsed 48.0s
  tower 130000/207185 (62.7%) elapsed 48.3s
  tower 135000/207185 (65.2%) elapsed 48.7s
  tower 140000/207185 (67.6%) elapsed 49.1s
  tower 145000/207185 (70.0%) elapsed 49.4s
  tower 150000/207185 (72.4%) elapsed 49.8s
  tower 155000/207185 (74.8%) elapsed 50.2s
  tower 160000/207185 (77.2%) elapsed 50.8s
  tower 165000/207185 (79.6%) elapsed 51.1s
  tower 170000/207185 (82.1%) elapsed 62.6s
  tower 175000/207185 (84.5%) elapsed 63.0s
  tower 180000/207185 (86.9%) elapsed 63.4s
  tower 185000/207185 (89.3%) elapsed 63.8s
  tower 190000/207185 (91.7%) elapsed 64.2s
  tower 195000/207185 (94.1%) elapsed 64.6s
  tower 200000/207185 (96.5%) elapsed 65.1s
  tower 205000/207185 (98.9%) elapsed 65.5s
  tower 207185/207185 (100.0%) elapsed 65.7s
stream: 4 bursts, 7483022 tiles, 65148.8 ms total

=== RESULT ===
{
  "R": 75000000,
  "K_SQ": 36,
  "verdict": "MOAT",
  "num_towers": 207185,
  "total_tiles": 7483054,
  "towers_processed": 207185,
  "tiles_processed": 7483054,
  "wall_time_seconds": 66.226,
  "overflow_count": 0,
  "total_groups": 83144699,
  "inner_roots": 1005989,
  "outer_roots": 999857,
  "peak_rss_mb": 1155.8
}
