=== Gaussian Moat Campaign (CUDA stream tile path) ===
R:            67000000
K_SQ:         36
TILE_SIDE:    256
num_towers:   185088
total_tiles:  6684986
cuda_binary:  ./tile_kernel_multi
burst_size:   56000

  tower 1/185088 (C++ j=0) elapsed 0.4s
cuda-stream: launched pid 14380
stream: ready, chunk_size=200000 (burst size unbounded)
  tower 5000/185088 (2.7%) elapsed 13.3s
  tower 10000/185088 (5.4%) elapsed 13.6s
  tower 15000/185088 (8.1%) elapsed 13.9s
  tower 20000/185088 (10.8%) elapsed 14.3s
  tower 25000/185088 (13.5%) elapsed 14.6s
  tower 30000/185088 (16.2%) elapsed 14.9s
  tower 35000/185088 (18.9%) elapsed 15.2s
  tower 40000/185088 (21.6%) elapsed 15.6s
  tower 45000/185088 (24.3%) elapsed 15.9s
  tower 50000/185088 (27.0%) elapsed 16.2s
  tower 55000/185088 (29.7%) elapsed 16.6s
  tower 60000/185088 (32.4%) elapsed 29.9s
  tower 65000/185088 (35.1%) elapsed 30.3s
  tower 70000/185088 (37.8%) elapsed 30.6s
  tower 75000/185088 (40.5%) elapsed 31.0s
  tower 80000/185088 (43.2%) elapsed 31.3s
  tower 85000/185088 (45.9%) elapsed 31.6s
  tower 90000/185088 (48.6%) elapsed 32.0s
  tower 95000/185088 (51.3%) elapsed 32.3s
  tower 100000/185088 (54.0%) elapsed 32.7s
  tower 105000/185088 (56.7%) elapsed 33.0s
  tower 110000/185088 (59.4%) elapsed 33.4s
  tower 115000/185088 (62.1%) elapsed 48.0s
  tower 120000/185088 (64.8%) elapsed 48.4s
  tower 125000/185088 (67.5%) elapsed 48.8s
  tower 130000/185088 (70.2%) elapsed 49.2s
  tower 135000/185088 (72.9%) elapsed 49.6s
  tower 140000/185088 (75.6%) elapsed 49.9s
  tower 145000/185088 (78.3%) elapsed 50.5s
  tower 150000/185088 (81.0%) elapsed 50.9s
  tower 155000/185088 (83.7%) elapsed 51.3s
  tower 160000/185088 (86.4%) elapsed 51.7s
  tower 165000/185088 (89.1%) elapsed 52.1s
  tower 170000/185088 (91.8%) elapsed 57.5s
  tower 175000/185088 (94.5%) elapsed 58.0s
  tower 180000/185088 (97.3%) elapsed 58.4s
  tower 185000/185088 (100.0%) elapsed 58.9s
  tower 185088/185088 (100.0%) elapsed 58.9s
stream: 4 bursts, 6684954 tiles, 58296.5 ms total

=== RESULT ===
{
  "R": 67000000,
  "K_SQ": 36,
  "verdict": "MOAT",
  "num_towers": 185088,
  "total_tiles": 6684986,
  "towers_processed": 185088,
  "tiles_processed": 6684986,
  "wall_time_seconds": 59.350,
  "overflow_count": 0,
  "total_groups": 72001301,
  "inner_roots": 870002,
  "outer_roots": 866700,
  "peak_rss_mb": 1120.9
}
