=== Gaussian Moat Campaign (CUDA stream tile path) ===
R:            65000000
K_SQ:         36
TILE_SIDE:    256
num_towers:   179563
total_tiles:  6485435
cuda_binary:  ./tile_kernel_multi
burst_size:   56000

  tower 1/179563 (C++ j=0) elapsed 0.4s
cuda-stream: launched pid 14359
stream: ready, chunk_size=200000 (burst size unbounded)
  tower 5000/179563 (2.8%) elapsed 13.1s
  tower 10000/179563 (5.6%) elapsed 13.4s
  tower 15000/179563 (8.4%) elapsed 13.7s
  tower 20000/179563 (11.1%) elapsed 14.0s
stream: 1 bursts, 1848000 tiles, 13598.3 ms total

=== RESULT ===
{
  "R": 65000000,
  "K_SQ": 36,
  "verdict": "SPANNING",
  "num_towers": 179563,
  "total_tiles": 6485435,
  "towers_processed": 21550,
  "tiles_processed": 711149,
  "wall_time_seconds": 14.435,
  "overflow_count": 0,
  "total_groups": 7593912,
  "inner_roots": 83299,
  "outer_roots": 83208,
  "peak_rss_mb": 581.0
}
