=== Gaussian Moat Campaign (CUDA stream tile path) ===
R:            61000000
K_SQ:         36
TILE_SIDE:    256
num_towers:   168515
total_tiles:  6086424
cuda_binary:  ./tile_kernel_multi
burst_size:   56000

  tower 1/168515 (C++ j=0) elapsed 0.4s
cuda-stream: launched pid 14260
stream: ready, chunk_size=200000 (burst size unbounded)
  tower 5000/168515 (3.0%) elapsed 13.1s
  tower 10000/168515 (5.9%) elapsed 13.4s
  tower 15000/168515 (8.9%) elapsed 13.8s
  tower 20000/168515 (11.9%) elapsed 14.1s
  tower 25000/168515 (14.8%) elapsed 14.4s
  tower 30000/168515 (17.8%) elapsed 14.7s
  tower 35000/168515 (20.8%) elapsed 15.1s
  tower 40000/168515 (23.7%) elapsed 15.4s
  tower 45000/168515 (26.7%) elapsed 15.7s
stream: 1 bursts, 1848000 tiles, 15252.5 ms total

=== RESULT ===
{
  "R": 61000000,
  "K_SQ": 36,
  "verdict": "SPANNING",
  "num_towers": 168515,
  "total_tiles": 6086424,
  "towers_processed": 46149,
  "tiles_processed": 1522916,
  "wall_time_seconds": 16.113,
  "overflow_count": 0,
  "total_groups": 15966785,
  "inner_roots": 179515,
  "outer_roots": 179065,
  "peak_rss_mb": 623.9
}
