=== Gaussian Moat Campaign (CUDA stream tile path) ===
R:            76000000
K_SQ:         36
TILE_SIDE:    256
num_towers:   209947
total_tiles:  7582806
cuda_binary:  ./tile_kernel_multi
burst_size:   56000

  tower 1/209947 (C++ j=0) elapsed 0.4s
cuda-stream: launched pid 14735
stream: ready, chunk_size=200000 (burst size unbounded)
  tower 5000/209947 (2.4%) elapsed 13.1s
  tower 10000/209947 (4.8%) elapsed 13.4s
  tower 15000/209947 (7.1%) elapsed 13.7s
  tower 20000/209947 (9.5%) elapsed 14.0s
  tower 25000/209947 (11.9%) elapsed 14.4s
  tower 30000/209947 (14.3%) elapsed 14.7s
  tower 35000/209947 (16.7%) elapsed 15.0s
  tower 40000/209947 (19.1%) elapsed 15.3s
  tower 45000/209947 (21.4%) elapsed 15.7s
  tower 50000/209947 (23.8%) elapsed 16.0s
  tower 55000/209947 (26.2%) elapsed 16.3s
  tower 60000/209947 (28.6%) elapsed 29.3s
  tower 65000/209947 (31.0%) elapsed 29.6s
  tower 70000/209947 (33.3%) elapsed 29.9s
  tower 75000/209947 (35.7%) elapsed 30.3s
  tower 80000/209947 (38.1%) elapsed 30.6s
  tower 85000/209947 (40.5%) elapsed 31.0s
  tower 90000/209947 (42.9%) elapsed 31.3s
  tower 95000/209947 (45.2%) elapsed 31.6s
  tower 100000/209947 (47.6%) elapsed 32.0s
  tower 105000/209947 (50.0%) elapsed 32.3s
  tower 110000/209947 (52.4%) elapsed 32.7s
  tower 115000/209947 (54.8%) elapsed 46.4s
  tower 120000/209947 (57.2%) elapsed 46.8s
  tower 125000/209947 (59.5%) elapsed 47.1s
  tower 130000/209947 (61.9%) elapsed 47.5s
  tower 135000/209947 (64.3%) elapsed 47.9s
  tower 140000/209947 (66.7%) elapsed 48.2s
  tower 145000/209947 (69.1%) elapsed 48.6s
  tower 150000/209947 (71.4%) elapsed 49.0s
  tower 155000/209947 (73.8%) elapsed 49.3s
  tower 160000/209947 (76.2%) elapsed 49.9s
  tower 165000/209947 (78.6%) elapsed 50.3s
  tower 170000/209947 (81.0%) elapsed 62.2s
  tower 175000/209947 (83.4%) elapsed 62.6s
  tower 180000/209947 (85.7%) elapsed 63.0s
  tower 185000/209947 (88.1%) elapsed 63.4s
  tower 190000/209947 (90.5%) elapsed 63.8s
  tower 195000/209947 (92.9%) elapsed 64.2s
  tower 200000/209947 (95.3%) elapsed 64.6s
  tower 205000/209947 (97.6%) elapsed 65.1s
  tower 209947/209947 (100.0%) elapsed 65.5s
stream: 4 bursts, 7582774 tiles, 64989.8 ms total

=== RESULT ===
{
  "R": 76000000,
  "K_SQ": 36,
  "verdict": "MOAT",
  "num_towers": 209947,
  "total_tiles": 7582806,
  "towers_processed": 209947,
  "tiles_processed": 7582806,
  "wall_time_seconds": 66.073,
  "overflow_count": 0,
  "total_groups": 84561479,
  "inner_roots": 1022473,
  "outer_roots": 1017183,
  "peak_rss_mb": 1162.7
}
