=== Gaussian Moat Campaign (CUDA stream tile path) ===
R:            71000000
K_SQ:         36
TILE_SIDE:    256
num_towers:   196136
total_tiles:  7083997
cuda_binary:  ./tile_kernel_multi
burst_size:   56000

  tower 1/196136 (C++ j=0) elapsed 0.5s
cuda-stream: launched pid 14650
stream: ready, chunk_size=200000 (burst size unbounded)
  tower 5000/196136 (2.5%) elapsed 13.2s
  tower 10000/196136 (5.1%) elapsed 13.6s
  tower 15000/196136 (7.6%) elapsed 13.9s
  tower 20000/196136 (10.2%) elapsed 14.2s
  tower 25000/196136 (12.7%) elapsed 14.6s
  tower 30000/196136 (15.3%) elapsed 14.9s
  tower 35000/196136 (17.8%) elapsed 15.3s
  tower 40000/196136 (20.4%) elapsed 15.6s
  tower 45000/196136 (22.9%) elapsed 15.9s
  tower 50000/196136 (25.5%) elapsed 16.3s
  tower 55000/196136 (28.0%) elapsed 16.6s
  tower 60000/196136 (30.6%) elapsed 29.8s
  tower 65000/196136 (33.1%) elapsed 30.1s
  tower 70000/196136 (35.7%) elapsed 30.5s
  tower 75000/196136 (38.2%) elapsed 30.8s
  tower 80000/196136 (40.8%) elapsed 31.1s
  tower 85000/196136 (43.3%) elapsed 31.5s
  tower 90000/196136 (45.9%) elapsed 31.8s
  tower 95000/196136 (48.4%) elapsed 32.2s
  tower 100000/196136 (51.0%) elapsed 32.5s
  tower 105000/196136 (53.5%) elapsed 32.9s
  tower 110000/196136 (56.1%) elapsed 33.2s
  tower 115000/196136 (58.6%) elapsed 47.5s
  tower 120000/196136 (61.2%) elapsed 47.8s
  tower 125000/196136 (63.7%) elapsed 48.2s
  tower 130000/196136 (66.3%) elapsed 48.6s
  tower 135000/196136 (68.8%) elapsed 48.9s
  tower 140000/196136 (71.4%) elapsed 49.3s
  tower 145000/196136 (73.9%) elapsed 49.7s
  tower 150000/196136 (76.5%) elapsed 50.1s
  tower 155000/196136 (79.0%) elapsed 50.7s
  tower 160000/196136 (81.6%) elapsed 51.0s
  tower 165000/196136 (84.1%) elapsed 51.4s
  tower 170000/196136 (86.7%) elapsed 59.8s
  tower 175000/196136 (89.2%) elapsed 60.2s
  tower 180000/196136 (91.8%) elapsed 60.7s
  tower 185000/196136 (94.3%) elapsed 61.1s
  tower 190000/196136 (96.9%) elapsed 61.5s
  tower 195000/196136 (99.4%) elapsed 62.0s
  tower 196136/196136 (100.0%) elapsed 62.1s
stream: 4 bursts, 7083965 tiles, 61508.7 ms total

=== RESULT ===
{
  "R": 71000000,
  "K_SQ": 36,
  "verdict": "MOAT",
  "num_towers": 196136,
  "total_tiles": 7083997,
  "towers_processed": 196136,
  "tiles_processed": 7083997,
  "wall_time_seconds": 62.579,
  "overflow_count": 0,
  "total_groups": 77555838,
  "inner_roots": 937138,
  "outer_roots": 933113,
  "peak_rss_mb": 1139.2
}
