=== Gaussian Moat Campaign (CUDA stream tile path) ===
R:            100000000
K_SQ:         36
TILE_SIDE:    256
num_towers:   276238
total_tiles:  9977008
cuda_binary:  ./tile_kernel_multi
burst_size:   56000

  tower 1/276238 (C++ j=0) elapsed 0.4s
cuda-stream: launched pid 14889
stream: ready, chunk_size=200000 (burst size unbounded)
  tower 5000/276238 (1.8%) elapsed 13.1s
  tower 10000/276238 (3.6%) elapsed 13.4s
  tower 15000/276238 (5.4%) elapsed 13.8s
  tower 20000/276238 (7.2%) elapsed 14.1s
  tower 25000/276238 (9.1%) elapsed 14.4s
  tower 30000/276238 (10.9%) elapsed 14.7s
  tower 35000/276238 (12.7%) elapsed 15.1s
  tower 40000/276238 (14.5%) elapsed 15.4s
  tower 45000/276238 (16.3%) elapsed 15.7s
  tower 50000/276238 (18.1%) elapsed 16.1s
  tower 55000/276238 (19.9%) elapsed 16.4s
  tower 60000/276238 (21.7%) elapsed 29.2s
  tower 65000/276238 (23.5%) elapsed 29.5s
  tower 70000/276238 (25.3%) elapsed 29.8s
  tower 75000/276238 (27.2%) elapsed 30.2s
  tower 80000/276238 (29.0%) elapsed 30.5s
  tower 85000/276238 (30.8%) elapsed 30.8s
  tower 90000/276238 (32.6%) elapsed 31.1s
  tower 95000/276238 (34.4%) elapsed 31.5s
  tower 100000/276238 (36.2%) elapsed 31.8s
  tower 105000/276238 (38.0%) elapsed 32.1s
  tower 110000/276238 (39.8%) elapsed 32.5s
  tower 115000/276238 (41.6%) elapsed 45.6s
  tower 120000/276238 (43.4%) elapsed 45.9s
  tower 125000/276238 (45.3%) elapsed 46.3s
  tower 130000/276238 (47.1%) elapsed 46.6s
  tower 135000/276238 (48.9%) elapsed 47.0s
  tower 140000/276238 (50.7%) elapsed 47.3s
  tower 145000/276238 (52.5%) elapsed 47.6s
  tower 150000/276238 (54.3%) elapsed 48.0s
  tower 155000/276238 (56.1%) elapsed 48.3s
  tower 160000/276238 (57.9%) elapsed 48.7s
  tower 165000/276238 (59.7%) elapsed 49.0s
  tower 170000/276238 (61.5%) elapsed 63.1s
  tower 175000/276238 (63.4%) elapsed 63.5s
  tower 180000/276238 (65.2%) elapsed 63.8s
  tower 185000/276238 (67.0%) elapsed 64.2s
  tower 190000/276238 (68.8%) elapsed 64.5s
  tower 195000/276238 (70.6%) elapsed 64.9s
  tower 200000/276238 (72.4%) elapsed 65.5s
  tower 205000/276238 (74.2%) elapsed 65.9s
  tower 210000/276238 (76.0%) elapsed 66.3s
  tower 215000/276238 (77.8%) elapsed 66.7s
  tower 220000/276238 (79.6%) elapsed 67.0s
  tower 225000/276238 (81.5%) elapsed 81.8s
  tower 230000/276238 (83.3%) elapsed 82.2s
  tower 235000/276238 (85.1%) elapsed 82.6s
  tower 240000/276238 (86.9%) elapsed 83.0s
  tower 245000/276238 (88.7%) elapsed 83.4s
  tower 250000/276238 (90.5%) elapsed 83.8s
  tower 255000/276238 (92.3%) elapsed 84.2s
  tower 260000/276238 (94.1%) elapsed 84.7s
  tower 265000/276238 (95.9%) elapsed 85.1s
  tower 270000/276238 (97.7%) elapsed 85.5s
  tower 275000/276238 (99.6%) elapsed 86.0s
  tower 276238/276238 (100.0%) elapsed 86.1s
stream: 5 bursts, 9976976 tiles, 85519.5 ms total

=== RESULT ===
{
  "R": 100000000,
  "K_SQ": 36,
  "verdict": "MOAT",
  "num_towers": 276238,
  "total_tiles": 9977008,
  "towers_processed": 276238,
  "tiles_processed": 9977008,
  "wall_time_seconds": 86.725,
  "overflow_count": 0,
  "total_groups": 119084457,
  "inner_roots": 1435574,
  "outer_roots": 1425208,
  "peak_rss_mb": 1353.2
}
