=== Gaussian Moat Campaign (CUDA stream tile path) ===
R:            66000000
K_SQ:         36
TILE_SIDE:    256
num_towers:   182325
total_tiles:  6585188
cuda_binary:  ./tile_kernel_multi
burst_size:   56000

  tower 1/182325 (C++ j=0) elapsed 0.4s
cuda-stream: launched pid 14373
stream: ready, chunk_size=200000 (burst size unbounded)
  tower 5000/182325 (2.7%) elapsed 13.3s
  tower 10000/182325 (5.5%) elapsed 13.6s
  tower 15000/182325 (8.2%) elapsed 13.9s
  tower 20000/182325 (11.0%) elapsed 14.3s
  tower 25000/182325 (13.7%) elapsed 14.6s
  tower 30000/182325 (16.5%) elapsed 14.9s
  tower 35000/182325 (19.2%) elapsed 15.3s
  tower 40000/182325 (21.9%) elapsed 15.6s
  tower 45000/182325 (24.7%) elapsed 15.9s
  tower 50000/182325 (27.4%) elapsed 16.3s
  tower 55000/182325 (30.2%) elapsed 16.6s
  tower 60000/182325 (32.9%) elapsed 29.9s
  tower 65000/182325 (35.7%) elapsed 30.3s
  tower 70000/182325 (38.4%) elapsed 30.6s
  tower 75000/182325 (41.1%) elapsed 30.9s
  tower 80000/182325 (43.9%) elapsed 31.3s
  tower 85000/182325 (46.6%) elapsed 31.6s
  tower 90000/182325 (49.4%) elapsed 32.0s
  tower 95000/182325 (52.1%) elapsed 32.3s
  tower 100000/182325 (54.8%) elapsed 32.7s
  tower 105000/182325 (57.6%) elapsed 33.0s
  tower 110000/182325 (60.3%) elapsed 33.4s
  tower 115000/182325 (63.1%) elapsed 48.1s
  tower 120000/182325 (65.8%) elapsed 48.5s
  tower 125000/182325 (68.6%) elapsed 48.8s
  tower 130000/182325 (71.3%) elapsed 49.2s
  tower 135000/182325 (74.0%) elapsed 49.6s
  tower 140000/182325 (76.8%) elapsed 50.0s
  tower 145000/182325 (79.5%) elapsed 50.6s
  tower 150000/182325 (82.3%) elapsed 51.0s
  tower 155000/182325 (85.0%) elapsed 51.4s
  tower 160000/182325 (87.8%) elapsed 51.8s
  tower 165000/182325 (90.5%) elapsed 52.2s
  tower 170000/182325 (93.2%) elapsed 56.8s
  tower 175000/182325 (96.0%) elapsed 57.3s
  tower 180000/182325 (98.7%) elapsed 57.7s
  tower 182325/182325 (100.0%) elapsed 57.9s
stream: 4 bursts, 6585156 tiles, 57354.3 ms total

=== RESULT ===
{
  "R": 66000000,
  "K_SQ": 36,
  "verdict": "MOAT",
  "num_towers": 182325,
  "total_tiles": 6585188,
  "towers_processed": 182325,
  "tiles_processed": 6585188,
  "wall_time_seconds": 58.398,
  "overflow_count": 0,
  "total_groups": 70625494,
  "inner_roots": 853066,
  "outer_roots": 849333,
  "peak_rss_mb": 1116.9
}
