=== Gaussian Moat Campaign (CUDA stream tile path) ===
R:            55000000
K_SQ:         36
TILE_SIDE:    256
num_towers:   151942
total_tiles:  5487862
cuda_binary:  ./tile_kernel_multi
burst_size:   56000

  tower 1/151942 (C++ j=0) elapsed 0.4s
cuda-stream: launched pid 13981
stream: ready, chunk_size=200000 (burst size unbounded)
stream: 1 bursts, 1851512 tiles, 12477.1 ms total

=== RESULT ===
{
  "R": 55000000,
  "K_SQ": 36,
  "verdict": "SPANNING",
  "num_towers": 151942,
  "total_tiles": 5487862,
  "towers_processed": 686,
  "tiles_processed": 22637,
  "wall_time_seconds": 13.290,
  "overflow_count": 0,
  "total_groups": 229606,
  "inner_roots": 2450,
  "outer_roots": 2481,
  "peak_rss_mb": 538.0
}
